The system is: Linux - 3.19.3-200.fc21.x86_64 - x86_64
Compiling the C compiler identification source file "CMakeCCompilerId.c" succeeded.
Compiler: /bin/cc 
Build flags: 
Id flags: 

The output was:
0


Compilation of the C compiler identification source "CMakeCCompilerId.c" produced "a.out"

The C compiler identification is GNU, found in "/home/user16/Documents/mpags-cpp/mpags-cipher.git/MPAGSCipher/CMakeFiles/3.3.2/CompilerIdC/a.out"

Compiling the CXX compiler identification source file "CMakeCXXCompilerId.cpp" succeeded.
Compiler: /bin/c++ 
Build flags: 
Id flags: 

The output was:
0


Compilation of the CXX compiler identification source "CMakeCXXCompilerId.cpp" produced "a.out"

The CXX compiler identification is GNU, found in "/home/user16/Documents/mpags-cpp/mpags-cipher.git/MPAGSCipher/CMakeFiles/3.3.2/CompilerIdCXX/a.out"

Determining if the C compiler works passed with the following output:
Change Dir: /home/user16/Documents/mpags-cpp/mpags-cipher.git/MPAGSCipher/CMakeFiles/CMakeTmp

Run Build Command:"/bin/gmake" "cmTC_ff026/fast"
/bin/gmake -f CMakeFiles/cmTC_ff026.dir/build.make CMakeFiles/cmTC_ff026.dir/build
gmake[1]: Entering directory '/disk/homedisk/home/user16/Documents/mpags-cpp/mpags-cipher.git/MPAGSCipher/CMakeFiles/CMakeTmp'
Building C object CMakeFiles/cmTC_ff026.dir/testCCompiler.c.o
/bin/cc    -o CMakeFiles/cmTC_ff026.dir/testCCompiler.c.o   -c /home/user16/Documents/mpags-cpp/mpags-cipher.git/MPAGSCipher/CMakeFiles/CMakeTmp/testCCompiler.c
Linking C executable cmTC_ff026
/home/user16/Software/cmake-3.3.2-Linux-x86_64/bin/cmake -E cmake_link_script CMakeFiles/cmTC_ff026.dir/link.txt --verbose=1
/bin/cc       CMakeFiles/cmTC_ff026.dir/testCCompiler.c.o  -o cmTC_ff026 -rdynamic 
gmake[1]: Leaving directory '/disk/homedisk/home/user16/Documents/mpags-cpp/mpags-cipher.git/MPAGSCipher/CMakeFiles/CMakeTmp'


Detecting C compiler ABI info compiled with the following output:
Change Dir: /home/user16/Documents/mpags-cpp/mpags-cipher.git/MPAGSCipher/CMakeFiles/CMakeTmp

Run Build Command:"/bin/gmake" "cmTC_061b0/fast"
/bin/gmake -f CMakeFiles/cmTC_061b0.dir/build.make CMakeFiles/cmTC_061b0.dir/build
gmake[1]: Entering directory '/disk/homedisk/home/user16/Documents/mpags-cpp/mpags-cipher.git/MPAGSCipher/CMakeFiles/CMakeTmp'
Building C object CMakeFiles/cmTC_061b0.dir/CMakeCCompilerABI.c.o
/bin/cc    -o CMakeFiles/cmTC_061b0.dir/CMakeCCompilerABI.c.o   -c /home/user16/Software/cmake-3.3.2-Linux-x86_64/share/cmake-3.3/Modules/CMakeCCompilerABI.c
Linking C executable cmTC_061b0
/home/user16/Software/cmake-3.3.2-Linux-x86_64/bin/cmake -E cmake_link_script CMakeFiles/cmTC_061b0.dir/link.txt --verbose=1
/bin/cc      -v CMakeFiles/cmTC_061b0.dir/CMakeCCompilerABI.c.o  -o cmTC_061b0 -rdynamic  
Using built-in specs.
COLLECT_GCC=/bin/cc
COLLECT_LTO_WRAPPER=/usr/libexec/gcc/x86_64-redhat-linux/4.9.2/lto-wrapper
Target: x86_64-redhat-linux
Configured with: ../configure --prefix=/usr --mandir=/usr/share/man --infodir=/usr/share/info --with-bugurl=http://bugzilla.redhat.com/bugzilla --enable-bootstrap --enable-shared --enable-threads=posix --enable-checking=release --enable-multilib --with-system-zlib --enable-__cxa_atexit --disable-libunwind-exceptions --enable-gnu-unique-object --enable-linker-build-id --with-linker-hash-style=gnu --enable-languages=c,c++,objc,obj-c++,fortran,ada,go,lto --enable-plugin --enable-initfini-array --disable-libgcj --with-isl=/builddir/build/BUILD/gcc-4.9.2-20150212/obj-x86_64-redhat-linux/isl-install --with-cloog=/builddir/build/BUILD/gcc-4.9.2-20150212/obj-x86_64-redhat-linux/cloog-install --enable-gnu-indirect-function --with-tune=generic --with-arch_32=i686 --build=x86_64-redhat-linux
Thread model: posix
gcc version 4.9.2 20150212 (Red Hat 4.9.2-6) (GCC) 
COMPILER_PATH=/usr/libexec/gcc/x86_64-redhat-linux/4.9.2/:/usr/libexec/gcc/x86_64-redhat-linux/4.9.2/:/usr/libexec/gcc/x86_64-redhat-linux/:/usr/lib/gcc/x86_64-redhat-linux/4.9.2/:/usr/lib/gcc/x86_64-redhat-linux/
LIBRARY_PATH=/usr/lib/gcc/x86_64-redhat-linux/4.9.2/:/usr/lib/gcc/x86_64-redhat-linux/4.9.2/../../../../lib64/:/lib/../lib64/:/usr/lib/../lib64/:/usr/lib/gcc/x86_64-redhat-linux/4.9.2/../../../:/lib/:/usr/lib/
COLLECT_GCC_OPTIONS='-v' '-o' 'cmTC_061b0' '-rdynamic' '-mtune=generic' '-march=x86-64'
 /usr/libexec/gcc/x86_64-redhat-linux/4.9.2/collect2 -plugin /usr/libexec/gcc/x86_64-redhat-linux/4.9.2/liblto_plugin.so -plugin-opt=/usr/libexec/gcc/x86_64-redhat-linux/4.9.2/lto-wrapper -plugin-opt=-fresolution=/tmp/ccTjI67f.res -plugin-opt=-pass-through=-lgcc -plugin-opt=-pass-through=-lgcc_s -plugin-opt=-pass-through=-lc -plugin-opt=-pass-through=-lgcc -plugin-opt=-pass-through=-lgcc_s --build-id --no-add-needed --eh-frame-hdr --hash-style=gnu -m elf_x86_64 -export-dynamic -dynamic-linker /lib64/ld-linux-x86-64.so.2 -o cmTC_061b0 /usr/lib/gcc/x86_64-redhat-linux/4.9.2/../../../../lib64/crt1.o /usr/lib/gcc/x86_64-redhat-linux/4.9.2/../../../../lib64/crti.o /usr/lib/gcc/x86_64-redhat-linux/4.9.2/crtbegin.o -L/usr/lib/gcc/x86_64-redhat-linux/4.9.2 -L/usr/lib/gcc/x86_64-redhat-linux/4.9.2/../../../../lib64 -L/lib/../lib64 -L/usr/lib/../lib64 -L/usr/lib/gcc/x86_64-redhat-linux/4.9.2/../../.. CMakeFiles/cmTC_061b0.dir/CMakeCCompilerABI.c.o -lgcc --as-needed -lgcc_s --no-as-needed -lc -lgcc --as-needed -lgcc_s --no-as-needed /usr/lib/gcc/x86_64-redhat-linux/4.9.2/crtend.o /usr/lib/gcc/x86_64-redhat-linux/4.9.2/../../../../lib64/crtn.o
gmake[1]: Leaving directory '/disk/homedisk/home/user16/Documents/mpags-cpp/mpags-cipher.git/MPAGSCipher/CMakeFiles/CMakeTmp'


Parsed C implicit link information from above output:
  link line regex: [^( *|.*[/\])(ld|([^/\]+-)?ld|collect2)[^/\]*( |$)]
  ignore line: [Change Dir: /home/user16/Documents/mpags-cpp/mpags-cipher.git/MPAGSCipher/CMakeFiles/CMakeTmp]
  ignore line: []
  ignore line: [Run Build Command:"/bin/gmake" "cmTC_061b0/fast"]
  ignore line: [/bin/gmake -f CMakeFiles/cmTC_061b0.dir/build.make CMakeFiles/cmTC_061b0.dir/build]
  ignore line: [gmake[1]: Entering directory '/disk/homedisk/home/user16/Documents/mpags-cpp/mpags-cipher.git/MPAGSCipher/CMakeFiles/CMakeTmp']
  ignore line: [Building C object CMakeFiles/cmTC_061b0.dir/CMakeCCompilerABI.c.o]
  ignore line: [/bin/cc    -o CMakeFiles/cmTC_061b0.dir/CMakeCCompilerABI.c.o   -c /home/user16/Software/cmake-3.3.2-Linux-x86_64/share/cmake-3.3/Modules/CMakeCCompilerABI.c]
  ignore line: [Linking C executable cmTC_061b0]
  ignore line: [/home/user16/Software/cmake-3.3.2-Linux-x86_64/bin/cmake -E cmake_link_script CMakeFiles/cmTC_061b0.dir/link.txt --verbose=1]
  ignore line: [/bin/cc      -v CMakeFiles/cmTC_061b0.dir/CMakeCCompilerABI.c.o  -o cmTC_061b0 -rdynamic  ]
  ignore line: [Using built-in specs.]
  ignore line: [COLLECT_GCC=/bin/cc]
  ignore line: [COLLECT_LTO_WRAPPER=/usr/libexec/gcc/x86_64-redhat-linux/4.9.2/lto-wrapper]
  ignore line: [Target: x86_64-redhat-linux]
  ignore line: [Configured with: ../configure --prefix=/usr --mandir=/usr/share/man --infodir=/usr/share/info --with-bugurl=http://bugzilla.redhat.com/bugzilla --enable-bootstrap --enable-shared --enable-threads=posix --enable-checking=release --enable-multilib --with-system-zlib --enable-__cxa_atexit --disable-libunwind-exceptions --enable-gnu-unique-object --enable-linker-build-id --with-linker-hash-style=gnu --enable-languages=c,c++,objc,obj-c++,fortran,ada,go,lto --enable-plugin --enable-initfini-array --disable-libgcj --with-isl=/builddir/build/BUILD/gcc-4.9.2-20150212/obj-x86_64-redhat-linux/isl-install --with-cloog=/builddir/build/BUILD/gcc-4.9.2-20150212/obj-x86_64-redhat-linux/cloog-install --enable-gnu-indirect-function --with-tune=generic --with-arch_32=i686 --build=x86_64-redhat-linux]
  ignore line: [Thread model: posix]
  ignore line: [gcc version 4.9.2 20150212 (Red Hat 4.9.2-6) (GCC) ]
  ignore line: [COMPILER_PATH=/usr/libexec/gcc/x86_64-redhat-linux/4.9.2/:/usr/libexec/gcc/x86_64-redhat-linux/4.9.2/:/usr/libexec/gcc/x86_64-redhat-linux/:/usr/lib/gcc/x86_64-redhat-linux/4.9.2/:/usr/lib/gcc/x86_64-redhat-linux/]
  ignore line: [LIBRARY_PATH=/usr/lib/gcc/x86_64-redhat-linux/4.9.2/:/usr/lib/gcc/x86_64-redhat-linux/4.9.2/../../../../lib64/:/lib/../lib64/:/usr/lib/../lib64/:/usr/lib/gcc/x86_64-redhat-linux/4.9.2/../../../:/lib/:/usr/lib/]
  ignore line: [COLLECT_GCC_OPTIONS='-v' '-o' 'cmTC_061b0' '-rdynamic' '-mtune=generic' '-march=x86-64']
  link line: [ /usr/libexec/gcc/x86_64-redhat-linux/4.9.2/collect2 -plugin /usr/libexec/gcc/x86_64-redhat-linux/4.9.2/liblto_plugin.so -plugin-opt=/usr/libexec/gcc/x86_64-redhat-linux/4.9.2/lto-wrapper -plugin-opt=-fresolution=/tmp/ccTjI67f.res -plugin-opt=-pass-through=-lgcc -plugin-opt=-pass-through=-lgcc_s -plugin-opt=-pass-through=-lc -plugin-opt=-pass-through=-lgcc -plugin-opt=-pass-through=-lgcc_s --build-id --no-add-needed --eh-frame-hdr --hash-style=gnu -m elf_x86_64 -export-dynamic -dynamic-linker /lib64/ld-linux-x86-64.so.2 -o cmTC_061b0 /usr/lib/gcc/x86_64-redhat-linux/4.9.2/../../../../lib64/crt1.o /usr/lib/gcc/x86_64-redhat-linux/4.9.2/../../../../lib64/crti.o /usr/lib/gcc/x86_64-redhat-linux/4.9.2/crtbegin.o -L/usr/lib/gcc/x86_64-redhat-linux/4.9.2 -L/usr/lib/gcc/x86_64-redhat-linux/4.9.2/../../../../lib64 -L/lib/../lib64 -L/usr/lib/../lib64 -L/usr/lib/gcc/x86_64-redhat-linux/4.9.2/../../.. CMakeFiles/cmTC_061b0.dir/CMakeCCompilerABI.c.o -lgcc --as-needed -lgcc_s --no-as-needed -lc -lgcc --as-needed -lgcc_s --no-as-needed /usr/lib/gcc/x86_64-redhat-linux/4.9.2/crtend.o /usr/lib/gcc/x86_64-redhat-linux/4.9.2/../../../../lib64/crtn.o]
    arg [/usr/libexec/gcc/x86_64-redhat-linux/4.9.2/collect2] ==> ignore
    arg [-plugin] ==> ignore
    arg [/usr/libexec/gcc/x86_64-redhat-linux/4.9.2/liblto_plugin.so] ==> ignore
    arg [-plugin-opt=/usr/libexec/gcc/x86_64-redhat-linux/4.9.2/lto-wrapper] ==> ignore
    arg [-plugin-opt=-fresolution=/tmp/ccTjI67f.res] ==> ignore
    arg [-plugin-opt=-pass-through=-lgcc] ==> ignore
    arg [-plugin-opt=-pass-through=-lgcc_s] ==> ignore
    arg [-plugin-opt=-pass-through=-lc] ==> ignore
    arg [-plugin-opt=-pass-through=-lgcc] ==> ignore
    arg [-plugin-opt=-pass-through=-lgcc_s] ==> ignore
    arg [--build-id] ==> ignore
    arg [--no-add-needed] ==> ignore
    arg [--eh-frame-hdr] ==> ignore
    arg [--hash-style=gnu] ==> ignore
    arg [-m] ==> ignore
    arg [elf_x86_64] ==> ignore
    arg [-export-dynamic] ==> ignore
    arg [-dynamic-linker] ==> ignore
    arg [/lib64/ld-linux-x86-64.so.2] ==> ignore
    arg [-o] ==> ignore
    arg [cmTC_061b0] ==> ignore
    arg [/usr/lib/gcc/x86_64-redhat-linux/4.9.2/../../../../lib64/crt1.o] ==> ignore
    arg [/usr/lib/gcc/x86_64-redhat-linux/4.9.2/../../../../lib64/crti.o] ==> ignore
    arg [/usr/lib/gcc/x86_64-redhat-linux/4.9.2/crtbegin.o] ==> ignore
    arg [-L/usr/lib/gcc/x86_64-redhat-linux/4.9.2] ==> dir [/usr/lib/gcc/x86_64-redhat-linux/4.9.2]
    arg [-L/usr/lib/gcc/x86_64-redhat-linux/4.9.2/../../../../lib64] ==> dir [/usr/lib/gcc/x86_64-redhat-linux/4.9.2/../../../../lib64]
    arg [-L/lib/../lib64] ==> dir [/lib/../lib64]
    arg [-L/usr/lib/../lib64] ==> dir [/usr/lib/../lib64]
    arg [-L/usr/lib/gcc/x86_64-redhat-linux/4.9.2/../../..] ==> dir [/usr/lib/gcc/x86_64-redhat-linux/4.9.2/../../..]
    arg [CMakeFiles/cmTC_061b0.dir/CMakeCCompilerABI.c.o] ==> ignore
    arg [-lgcc] ==> lib [gcc]
    arg [--as-needed] ==> ignore
    arg [-lgcc_s] ==> lib [gcc_s]
    arg [--no-as-needed] ==> ignore
    arg [-lc] ==> lib [c]
    arg [-lgcc] ==> lib [gcc]
    arg [--as-needed] ==> ignore
    arg [-lgcc_s] ==> lib [gcc_s]
    arg [--no-as-needed] ==> ignore
    arg [/usr/lib/gcc/x86_64-redhat-linux/4.9.2/crtend.o] ==> ignore
    arg [/usr/lib/gcc/x86_64-redhat-linux/4.9.2/../../../../lib64/crtn.o] ==> ignore
  remove lib [gcc]
  remove lib [gcc_s]
  remove lib [gcc]
  remove lib [gcc_s]
  collapse library dir [/usr/lib/gcc/x86_64-redhat-linux/4.9.2] ==> [/usr/lib/gcc/x86_64-redhat-linux/4.9.2]
  collapse library dir [/usr/lib/gcc/x86_64-redhat-linux/4.9.2/../../../../lib64] ==> [/usr/lib64]
  collapse library dir [/lib/../lib64] ==> [/lib64]
  collapse library dir [/usr/lib/../lib64] ==> [/usr/lib64]
  collapse library dir [/usr/lib/gcc/x86_64-redhat-linux/4.9.2/../../..] ==> [/usr/lib]
  implicit libs: [c]
  implicit dirs: [/usr/lib/gcc/x86_64-redhat-linux/4.9.2;/usr/lib64;/lib64;/usr/lib]
  implicit fwks: []




Detecting C [-std=c11] compiler features compiled with the following output:
Change Dir: /home/user16/Documents/mpags-cpp/mpags-cipher.git/MPAGSCipher/CMakeFiles/CMakeTmp

Run Build Command:"/bin/gmake" "cmTC_12905/fast"
/bin/gmake -f CMakeFiles/cmTC_12905.dir/build.make CMakeFiles/cmTC_12905.dir/build
gmake[1]: Entering directory '/disk/homedisk/home/user16/Documents/mpags-cpp/mpags-cipher.git/MPAGSCipher/CMakeFiles/CMakeTmp'
Building C object CMakeFiles/cmTC_12905.dir/feature_tests.c.o
/bin/cc   -std=c11 -o CMakeFiles/cmTC_12905.dir/feature_tests.c.o   -c /home/user16/Documents/mpags-cpp/mpags-cipher.git/MPAGSCipher/CMakeFiles/feature_tests.c
Linking C executable cmTC_12905
/home/user16/Software/cmake-3.3.2-Linux-x86_64/bin/cmake -E cmake_link_script CMakeFiles/cmTC_12905.dir/link.txt --verbose=1
/bin/cc       CMakeFiles/cmTC_12905.dir/feature_tests.c.o  -o cmTC_12905 -rdynamic 
gmake[1]: Leaving directory '/disk/homedisk/home/user16/Documents/mpags-cpp/mpags-cipher.git/MPAGSCipher/CMakeFiles/CMakeTmp'


    Feature record: C_FEATURE:1c_function_prototypes
    Feature record: C_FEATURE:1c_restrict
    Feature record: C_FEATURE:1c_static_assert
    Feature record: C_FEATURE:1c_variadic_macros


Detecting C [-std=c99] compiler features compiled with the following output:
Change Dir: /home/user16/Documents/mpags-cpp/mpags-cipher.git/MPAGSCipher/CMakeFiles/CMakeTmp

Run Build Command:"/bin/gmake" "cmTC_9b49e/fast"
/bin/gmake -f CMakeFiles/cmTC_9b49e.dir/build.make CMakeFiles/cmTC_9b49e.dir/build
gmake[1]: Entering directory '/disk/homedisk/home/user16/Documents/mpags-cpp/mpags-cipher.git/MPAGSCipher/CMakeFiles/CMakeTmp'
Building C object CMakeFiles/cmTC_9b49e.dir/feature_tests.c.o
/bin/cc   -std=c99 -o CMakeFiles/cmTC_9b49e.dir/feature_tests.c.o   -c /home/user16/Documents/mpags-cpp/mpags-cipher.git/MPAGSCipher/CMakeFiles/feature_tests.c
Linking C executable cmTC_9b49e
/home/user16/Software/cmake-3.3.2-Linux-x86_64/bin/cmake -E cmake_link_script CMakeFiles/cmTC_9b49e.dir/link.txt --verbose=1
/bin/cc       CMakeFiles/cmTC_9b49e.dir/feature_tests.c.o  -o cmTC_9b49e -rdynamic 
gmake[1]: Leaving directory '/disk/homedisk/home/user16/Documents/mpags-cpp/mpags-cipher.git/MPAGSCipher/CMakeFiles/CMakeTmp'


    Feature record: C_FEATURE:1c_function_prototypes
    Feature record: C_FEATURE:1c_restrict
    Feature record: C_FEATURE:0c_static_assert
    Feature record: C_FEATURE:1c_variadic_macros


Detecting C [-std=c90] compiler features compiled with the following output:
Change Dir: /home/user16/Documents/mpags-cpp/mpags-cipher.git/MPAGSCipher/CMakeFiles/CMakeTmp

Run Build Command:"/bin/gmake" "cmTC_b1081/fast"
/bin/gmake -f CMakeFiles/cmTC_b1081.dir/build.make CMakeFiles/cmTC_b1081.dir/build
gmake[1]: Entering directory '/disk/homedisk/home/user16/Documents/mpags-cpp/mpags-cipher.git/MPAGSCipher/CMakeFiles/CMakeTmp'
Building C object CMakeFiles/cmTC_b1081.dir/feature_tests.c.o
/bin/cc   -std=c90 -o CMakeFiles/cmTC_b1081.dir/feature_tests.c.o   -c /home/user16/Documents/mpags-cpp/mpags-cipher.git/MPAGSCipher/CMakeFiles/feature_tests.c
Linking C executable cmTC_b1081
/home/user16/Software/cmake-3.3.2-Linux-x86_64/bin/cmake -E cmake_link_script CMakeFiles/cmTC_b1081.dir/link.txt --verbose=1
/bin/cc       CMakeFiles/cmTC_b1081.dir/feature_tests.c.o  -o cmTC_b1081 -rdynamic 
gmake[1]: Leaving directory '/disk/homedisk/home/user16/Documents/mpags-cpp/mpags-cipher.git/MPAGSCipher/CMakeFiles/CMakeTmp'


    Feature record: C_FEATURE:1c_function_prototypes
    Feature record: C_FEATURE:0c_restrict
    Feature record: C_FEATURE:0c_static_assert
    Feature record: C_FEATURE:0c_variadic_macros
Determining if the CXX compiler works passed with the following output:
Change Dir: /home/user16/Documents/mpags-cpp/mpags-cipher.git/MPAGSCipher/CMakeFiles/CMakeTmp

Run Build Command:"/bin/gmake" "cmTC_3d3d4/fast"
/bin/gmake -f CMakeFiles/cmTC_3d3d4.dir/build.make CMakeFiles/cmTC_3d3d4.dir/build
gmake[1]: Entering directory '/disk/homedisk/home/user16/Documents/mpags-cpp/mpags-cipher.git/MPAGSCipher/CMakeFiles/CMakeTmp'
Building CXX object CMakeFiles/cmTC_3d3d4.dir/testCXXCompiler.cxx.o
/bin/c++     -o CMakeFiles/cmTC_3d3d4.dir/testCXXCompiler.cxx.o -c /home/user16/Documents/mpags-cpp/mpags-cipher.git/MPAGSCipher/CMakeFiles/CMakeTmp/testCXXCompiler.cxx
Linking CXX executable cmTC_3d3d4
/home/user16/Software/cmake-3.3.2-Linux-x86_64/bin/cmake -E cmake_link_script CMakeFiles/cmTC_3d3d4.dir/link.txt --verbose=1
/bin/c++        CMakeFiles/cmTC_3d3d4.dir/testCXXCompiler.cxx.o  -o cmTC_3d3d4 -rdynamic 
gmake[1]: Leaving directory '/disk/homedisk/home/user16/Documents/mpags-cpp/mpags-cipher.git/MPAGSCipher/CMakeFiles/CMakeTmp'


Detecting CXX compiler ABI info compiled with the following output:
Change Dir: /home/user16/Documents/mpags-cpp/mpags-cipher.git/MPAGSCipher/CMakeFiles/CMakeTmp

Run Build Command:"/bin/gmake" "cmTC_b04b4/fast"
/bin/gmake -f CMakeFiles/cmTC_b04b4.dir/build.make CMakeFiles/cmTC_b04b4.dir/build
gmake[1]: Entering directory '/disk/homedisk/home/user16/Documents/mpags-cpp/mpags-cipher.git/MPAGSCipher/CMakeFiles/CMakeTmp'
Building CXX object CMakeFiles/cmTC_b04b4.dir/CMakeCXXCompilerABI.cpp.o
/bin/c++     -o CMakeFiles/cmTC_b04b4.dir/CMakeCXXCompilerABI.cpp.o -c /home/user16/Software/cmake-3.3.2-Linux-x86_64/share/cmake-3.3/Modules/CMakeCXXCompilerABI.cpp
Linking CXX executable cmTC_b04b4
/home/user16/Software/cmake-3.3.2-Linux-x86_64/bin/cmake -E cmake_link_script CMakeFiles/cmTC_b04b4.dir/link.txt --verbose=1
/bin/c++       -v CMakeFiles/cmTC_b04b4.dir/CMakeCXXCompilerABI.cpp.o  -o cmTC_b04b4 -rdynamic  
Using built-in specs.
COLLECT_GCC=/bin/c++
COLLECT_LTO_WRAPPER=/usr/libexec/gcc/x86_64-redhat-linux/4.9.2/lto-wrapper
Target: x86_64-redhat-linux
Configured with: ../configure --prefix=/usr --mandir=/usr/share/man --infodir=/usr/share/info --with-bugurl=http://bugzilla.redhat.com/bugzilla --enable-bootstrap --enable-shared --enable-threads=posix --enable-checking=release --enable-multilib --with-system-zlib --enable-__cxa_atexit --disable-libunwind-exceptions --enable-gnu-unique-object --enable-linker-build-id --with-linker-hash-style=gnu --enable-languages=c,c++,objc,obj-c++,fortran,ada,go,lto --enable-plugin --enable-initfini-array --disable-libgcj --with-isl=/builddir/build/BUILD/gcc-4.9.2-20150212/obj-x86_64-redhat-linux/isl-install --with-cloog=/builddir/build/BUILD/gcc-4.9.2-20150212/obj-x86_64-redhat-linux/cloog-install --enable-gnu-indirect-function --with-tune=generic --with-arch_32=i686 --build=x86_64-redhat-linux
Thread model: posix
gcc version 4.9.2 20150212 (Red Hat 4.9.2-6) (GCC) 
COMPILER_PATH=/usr/libexec/gcc/x86_64-redhat-linux/4.9.2/:/usr/libexec/gcc/x86_64-redhat-linux/4.9.2/:/usr/libexec/gcc/x86_64-redhat-linux/:/usr/lib/gcc/x86_64-redhat-linux/4.9.2/:/usr/lib/gcc/x86_64-redhat-linux/
LIBRARY_PATH=/usr/lib/gcc/x86_64-redhat-linux/4.9.2/:/usr/lib/gcc/x86_64-redhat-linux/4.9.2/../../../../lib64/:/lib/../lib64/:/usr/lib/../lib64/:/usr/lib/gcc/x86_64-redhat-linux/4.9.2/../../../:/lib/:/usr/lib/
COLLECT_GCC_OPTIONS='-v' '-o' 'cmTC_b04b4' '-rdynamic' '-shared-libgcc' '-mtune=generic' '-march=x86-64'
 /usr/libexec/gcc/x86_64-redhat-linux/4.9.2/collect2 -plugin /usr/libexec/gcc/x86_64-redhat-linux/4.9.2/liblto_plugin.so -plugin-opt=/usr/libexec/gcc/x86_64-redhat-linux/4.9.2/lto-wrapper -plugin-opt=-fresolution=/tmp/ccyQEHOg.res -plugin-opt=-pass-through=-lgcc_s -plugin-opt=-pass-through=-lgcc -plugin-opt=-pass-through=-lc -plugin-opt=-pass-through=-lgcc_s -plugin-opt=-pass-through=-lgcc --build-id --no-add-needed --eh-frame-hdr --hash-style=gnu -m elf_x86_64 -export-dynamic -dynamic-linker /lib64/ld-linux-x86-64.so.2 -o cmTC_b04b4 /usr/lib/gcc/x86_64-redhat-linux/4.9.2/../../../../lib64/crt1.o /usr/lib/gcc/x86_64-redhat-linux/4.9.2/../../../../lib64/crti.o /usr/lib/gcc/x86_64-redhat-linux/4.9.2/crtbegin.o -L/usr/lib/gcc/x86_64-redhat-linux/4.9.2 -L/usr/lib/gcc/x86_64-redhat-linux/4.9.2/../../../../lib64 -L/lib/../lib64 -L/usr/lib/../lib64 -L/usr/lib/gcc/x86_64-redhat-linux/4.9.2/../../.. CMakeFiles/cmTC_b04b4.dir/CMakeCXXCompilerABI.cpp.o -lstdc++ -lm -lgcc_s -lgcc -lc -lgcc_s -lgcc /usr/lib/gcc/x86_64-redhat-linux/4.9.2/crtend.o /usr/lib/gcc/x86_64-redhat-linux/4.9.2/../../../../lib64/crtn.o
gmake[1]: Leaving directory '/disk/homedisk/home/user16/Documents/mpags-cpp/mpags-cipher.git/MPAGSCipher/CMakeFiles/CMakeTmp'


Parsed CXX implicit link information from above output:
  link line regex: [^( *|.*[/\])(ld|([^/\]+-)?ld|collect2)[^/\]*( |$)]
  ignore line: [Change Dir: /home/user16/Documents/mpags-cpp/mpags-cipher.git/MPAGSCipher/CMakeFiles/CMakeTmp]
  ignore line: []
  ignore line: [Run Build Command:"/bin/gmake" "cmTC_b04b4/fast"]
  ignore line: [/bin/gmake -f CMakeFiles/cmTC_b04b4.dir/build.make CMakeFiles/cmTC_b04b4.dir/build]
  ignore line: [gmake[1]: Entering directory '/disk/homedisk/home/user16/Documents/mpags-cpp/mpags-cipher.git/MPAGSCipher/CMakeFiles/CMakeTmp']
  ignore line: [Building CXX object CMakeFiles/cmTC_b04b4.dir/CMakeCXXCompilerABI.cpp.o]
  ignore line: [/bin/c++     -o CMakeFiles/cmTC_b04b4.dir/CMakeCXXCompilerABI.cpp.o -c /home/user16/Software/cmake-3.3.2-Linux-x86_64/share/cmake-3.3/Modules/CMakeCXXCompilerABI.cpp]
  ignore line: [Linking CXX executable cmTC_b04b4]
  ignore line: [/home/user16/Software/cmake-3.3.2-Linux-x86_64/bin/cmake -E cmake_link_script CMakeFiles/cmTC_b04b4.dir/link.txt --verbose=1]
  ignore line: [/bin/c++       -v CMakeFiles/cmTC_b04b4.dir/CMakeCXXCompilerABI.cpp.o  -o cmTC_b04b4 -rdynamic  ]
  ignore line: [Using built-in specs.]
  ignore line: [COLLECT_GCC=/bin/c++]
  ignore line: [COLLECT_LTO_WRAPPER=/usr/libexec/gcc/x86_64-redhat-linux/4.9.2/lto-wrapper]
  ignore line: [Target: x86_64-redhat-linux]
  ignore line: [Configured with: ../configure --prefix=/usr --mandir=/usr/share/man --infodir=/usr/share/info --with-bugurl=http://bugzilla.redhat.com/bugzilla --enable-bootstrap --enable-shared --enable-threads=posix --enable-checking=release --enable-multilib --with-system-zlib --enable-__cxa_atexit --disable-libunwind-exceptions --enable-gnu-unique-object --enable-linker-build-id --with-linker-hash-style=gnu --enable-languages=c,c++,objc,obj-c++,fortran,ada,go,lto --enable-plugin --enable-initfini-array --disable-libgcj --with-isl=/builddir/build/BUILD/gcc-4.9.2-20150212/obj-x86_64-redhat-linux/isl-install --with-cloog=/builddir/build/BUILD/gcc-4.9.2-20150212/obj-x86_64-redhat-linux/cloog-install --enable-gnu-indirect-function --with-tune=generic --with-arch_32=i686 --build=x86_64-redhat-linux]
  ignore line: [Thread model: posix]
  ignore line: [gcc version 4.9.2 20150212 (Red Hat 4.9.2-6) (GCC) ]
  ignore line: [COMPILER_PATH=/usr/libexec/gcc/x86_64-redhat-linux/4.9.2/:/usr/libexec/gcc/x86_64-redhat-linux/4.9.2/:/usr/libexec/gcc/x86_64-redhat-linux/:/usr/lib/gcc/x86_64-redhat-linux/4.9.2/:/usr/lib/gcc/x86_64-redhat-linux/]
  ignore line: [LIBRARY_PATH=/usr/lib/gcc/x86_64-redhat-linux/4.9.2/:/usr/lib/gcc/x86_64-redhat-linux/4.9.2/../../../../lib64/:/lib/../lib64/:/usr/lib/../lib64/:/usr/lib/gcc/x86_64-redhat-linux/4.9.2/../../../:/lib/:/usr/lib/]
  ignore line: [COLLECT_GCC_OPTIONS='-v' '-o' 'cmTC_b04b4' '-rdynamic' '-shared-libgcc' '-mtune=generic' '-march=x86-64']
  link line: [ /usr/libexec/gcc/x86_64-redhat-linux/4.9.2/collect2 -plugin /usr/libexec/gcc/x86_64-redhat-linux/4.9.2/liblto_plugin.so -plugin-opt=/usr/libexec/gcc/x86_64-redhat-linux/4.9.2/lto-wrapper -plugin-opt=-fresolution=/tmp/ccyQEHOg.res -plugin-opt=-pass-through=-lgcc_s -plugin-opt=-pass-through=-lgcc -plugin-opt=-pass-through=-lc -plugin-opt=-pass-through=-lgcc_s -plugin-opt=-pass-through=-lgcc --build-id --no-add-needed --eh-frame-hdr --hash-style=gnu -m elf_x86_64 -export-dynamic -dynamic-linker /lib64/ld-linux-x86-64.so.2 -o cmTC_b04b4 /usr/lib/gcc/x86_64-redhat-linux/4.9.2/../../../../lib64/crt1.o /usr/lib/gcc/x86_64-redhat-linux/4.9.2/../../../../lib64/crti.o /usr/lib/gcc/x86_64-redhat-linux/4.9.2/crtbegin.o -L/usr/lib/gcc/x86_64-redhat-linux/4.9.2 -L/usr/lib/gcc/x86_64-redhat-linux/4.9.2/../../../../lib64 -L/lib/../lib64 -L/usr/lib/../lib64 -L/usr/lib/gcc/x86_64-redhat-linux/4.9.2/../../.. CMakeFiles/cmTC_b04b4.dir/CMakeCXXCompilerABI.cpp.o -lstdc++ -lm -lgcc_s -lgcc -lc -lgcc_s -lgcc /usr/lib/gcc/x86_64-redhat-linux/4.9.2/crtend.o /usr/lib/gcc/x86_64-redhat-linux/4.9.2/../../../../lib64/crtn.o]
    arg [/usr/libexec/gcc/x86_64-redhat-linux/4.9.2/collect2] ==> ignore
    arg [-plugin] ==> ignore
    arg [/usr/libexec/gcc/x86_64-redhat-linux/4.9.2/liblto_plugin.so] ==> ignore
    arg [-plugin-opt=/usr/libexec/gcc/x86_64-redhat-linux/4.9.2/lto-wrapper] ==> ignore
    arg [-plugin-opt=-fresolution=/tmp/ccyQEHOg.res] ==> ignore
    arg [-plugin-opt=-pass-through=-lgcc_s] ==> ignore
    arg [-plugin-opt=-pass-through=-lgcc] ==> ignore
    arg [-plugin-opt=-pass-through=-lc] ==> ignore
    arg [-plugin-opt=-pass-through=-lgcc_s] ==> ignore
    arg [-plugin-opt=-pass-through=-lgcc] ==> ignore
    arg [--build-id] ==> ignore
    arg [--no-add-needed] ==> ignore
    arg [--eh-frame-hdr] ==> ignore
    arg [--hash-style=gnu] ==> ignore
    arg [-m] ==> ignore
    arg [elf_x86_64] ==> ignore
    arg [-export-dynamic] ==> ignore
    arg [-dynamic-linker] ==> ignore
    arg [/lib64/ld-linux-x86-64.so.2] ==> ignore
    arg [-o] ==> ignore
    arg [cmTC_b04b4] ==> ignore
    arg [/usr/lib/gcc/x86_64-redhat-linux/4.9.2/../../../../lib64/crt1.o] ==> ignore
    arg [/usr/lib/gcc/x86_64-redhat-linux/4.9.2/../../../../lib64/crti.o] ==> ignore
    arg [/usr/lib/gcc/x86_64-redhat-linux/4.9.2/crtbegin.o] ==> ignore
    arg [-L/usr/lib/gcc/x86_64-redhat-linux/4.9.2] ==> dir [/usr/lib/gcc/x86_64-redhat-linux/4.9.2]
    arg [-L/usr/lib/gcc/x86_64-redhat-linux/4.9.2/../../../../lib64] ==> dir [/usr/lib/gcc/x86_64-redhat-linux/4.9.2/../../../../lib64]
    arg [-L/lib/../lib64] ==> dir [/lib/../lib64]
    arg [-L/usr/lib/../lib64] ==> dir [/usr/lib/../lib64]
    arg [-L/usr/lib/gcc/x86_64-redhat-linux/4.9.2/../../..] ==> dir [/usr/lib/gcc/x86_64-redhat-linux/4.9.2/../../..]
    arg [CMakeFiles/cmTC_b04b4.dir/CMakeCXXCompilerABI.cpp.o] ==> ignore
    arg [-lstdc++] ==> lib [stdc++]
    arg [-lm] ==> lib [m]
    arg [-lgcc_s] ==> lib [gcc_s]
    arg [-lgcc] ==> lib [gcc]
    arg [-lc] ==> lib [c]
    arg [-lgcc_s] ==> lib [gcc_s]
    arg [-lgcc] ==> lib [gcc]
    arg [/usr/lib/gcc/x86_64-redhat-linux/4.9.2/crtend.o] ==> ignore
    arg [/usr/lib/gcc/x86_64-redhat-linux/4.9.2/../../../../lib64/crtn.o] ==> ignore
  remove lib [gcc_s]
  remove lib [gcc]
  remove lib [gcc_s]
  remove lib [gcc]
  collapse library dir [/usr/lib/gcc/x86_64-redhat-linux/4.9.2] ==> [/usr/lib/gcc/x86_64-redhat-linux/4.9.2]
  collapse library dir [/usr/lib/gcc/x86_64-redhat-linux/4.9.2/../../../../lib64] ==> [/usr/lib64]
  collapse library dir [/lib/../lib64] ==> [/lib64]
  collapse library dir [/usr/lib/../lib64] ==> [/usr/lib64]
  collapse library dir [/usr/lib/gcc/x86_64-redhat-linux/4.9.2/../../..] ==> [/usr/lib]
  implicit libs: [stdc++;m;c]
  implicit dirs: [/usr/lib/gcc/x86_64-redhat-linux/4.9.2;/usr/lib64;/lib64;/usr/lib]
  implicit fwks: []




Detecting CXX [-std=c++14] compiler features compiled with the following output:
Change Dir: /home/user16/Documents/mpags-cpp/mpags-cipher.git/MPAGSCipher/CMakeFiles/CMakeTmp

Run Build Command:"/bin/gmake" "cmTC_15915/fast"
/bin/gmake -f CMakeFiles/cmTC_15915.dir/build.make CMakeFiles/cmTC_15915.dir/build
gmake[1]: Entering directory '/disk/homedisk/home/user16/Documents/mpags-cpp/mpags-cipher.git/MPAGSCipher/CMakeFiles/CMakeTmp'
Building CXX object CMakeFiles/cmTC_15915.dir/feature_tests.cxx.o
/bin/c++    -std=c++14 -o CMakeFiles/cmTC_15915.dir/feature_tests.cxx.o -c /home/user16/Documents/mpags-cpp/mpags-cipher.git/MPAGSCipher/CMakeFiles/feature_tests.cxx
Linking CXX executable cmTC_15915
/home/user16/Software/cmake-3.3.2-Linux-x86_64/bin/cmake -E cmake_link_script CMakeFiles/cmTC_15915.dir/link.txt --verbose=1
/bin/c++        CMakeFiles/cmTC_15915.dir/feature_tests.cxx.o  -o cmTC_15915 -rdynamic 
gmake[1]: Leaving directory '/disk/homedisk/home/user16/Documents/mpags-cpp/mpags-cipher.git/MPAGSCipher/CMakeFiles/CMakeTmp'


    Feature record: CXX_FEATURE:0cxx_aggregate_default_initializers
    Feature record: CXX_FEATURE:1cxx_alias_templates
    Feature record: CXX_FEATURE:1cxx_alignas
    Feature record: CXX_FEATURE:1cxx_alignof
    Feature record: CXX_FEATURE:1cxx_attributes
    Feature record: CXX_FEATURE:1cxx_attribute_deprecated
    Feature record: CXX_FEATURE:1cxx_auto_type
    Feature record: CXX_FEATURE:1cxx_binary_literals
    Feature record: CXX_FEATURE:1cxx_constexpr
    Feature record: CXX_FEATURE:1cxx_contextual_conversions
    Feature record: CXX_FEATURE:1cxx_decltype
    Feature record: CXX_FEATURE:1cxx_decltype_auto
    Feature record: CXX_FEATURE:1cxx_decltype_incomplete_return_types
    Feature record: CXX_FEATURE:1cxx_default_function_template_args
    Feature record: CXX_FEATURE:1cxx_defaulted_functions
    Feature record: CXX_FEATURE:1cxx_defaulted_move_initializers
    Feature record: CXX_FEATURE:1cxx_delegating_constructors
    Feature record: CXX_FEATURE:1cxx_deleted_functions
    Feature record: CXX_FEATURE:1cxx_digit_separators
    Feature record: CXX_FEATURE:1cxx_enum_forward_declarations
    Feature record: CXX_FEATURE:1cxx_explicit_conversions
    Feature record: CXX_FEATURE:1cxx_extended_friend_declarations
    Feature record: CXX_FEATURE:1cxx_extern_templates
    Feature record: CXX_FEATURE:1cxx_final
    Feature record: CXX_FEATURE:1cxx_func_identifier
    Feature record: CXX_FEATURE:1cxx_generalized_initializers
    Feature record: CXX_FEATURE:1cxx_generic_lambdas
    Feature record: CXX_FEATURE:1cxx_inheriting_constructors
    Feature record: CXX_FEATURE:1cxx_inline_namespaces
    Feature record: CXX_FEATURE:1cxx_lambdas
    Feature record: CXX_FEATURE:1cxx_lambda_init_captures
    Feature record: CXX_FEATURE:1cxx_local_type_template_args
    Feature record: CXX_FEATURE:1cxx_long_long_type
    Feature record: CXX_FEATURE:1cxx_noexcept
    Feature record: CXX_FEATURE:1cxx_nonstatic_member_init
    Feature record: CXX_FEATURE:1cxx_nullptr
    Feature record: CXX_FEATURE:1cxx_override
    Feature record: CXX_FEATURE:1cxx_range_for
    Feature record: CXX_FEATURE:1cxx_raw_string_literals
    Feature record: CXX_FEATURE:1cxx_reference_qualified_functions
    Feature record: CXX_FEATURE:0cxx_relaxed_constexpr
    Feature record: CXX_FEATURE:1cxx_return_type_deduction
    Feature record: CXX_FEATURE:1cxx_right_angle_brackets
    Feature record: CXX_FEATURE:1cxx_rvalue_references
    Feature record: CXX_FEATURE:1cxx_sizeof_member
    Feature record: CXX_FEATURE:1cxx_static_assert
    Feature record: CXX_FEATURE:1cxx_strong_enums
    Feature record: CXX_FEATURE:1cxx_template_template_parameters
    Feature record: CXX_FEATURE:1cxx_thread_local
    Feature record: CXX_FEATURE:1cxx_trailing_return_types
    Feature record: CXX_FEATURE:1cxx_unicode_literals
    Feature record: CXX_FEATURE:1cxx_uniform_initialization
    Feature record: CXX_FEATURE:1cxx_unrestricted_unions
    Feature record: CXX_FEATURE:1cxx_user_literals
    Feature record: CXX_FEATURE:0cxx_variable_templates
    Feature record: CXX_FEATURE:1cxx_variadic_macros
    Feature record: CXX_FEATURE:1cxx_variadic_templates


Detecting CXX [-std=c++11] compiler features compiled with the following output:
Change Dir: /home/user16/Documents/mpags-cpp/mpags-cipher.git/MPAGSCipher/CMakeFiles/CMakeTmp

Run Build Command:"/bin/gmake" "cmTC_a6675/fast"
/bin/gmake -f CMakeFiles/cmTC_a6675.dir/build.make CMakeFiles/cmTC_a6675.dir/build
gmake[1]: Entering directory '/disk/homedisk/home/user16/Documents/mpags-cpp/mpags-cipher.git/MPAGSCipher/CMakeFiles/CMakeTmp'
Building CXX object CMakeFiles/cmTC_a6675.dir/feature_tests.cxx.o
/bin/c++    -std=c++11 -o CMakeFiles/cmTC_a6675.dir/feature_tests.cxx.o -c /home/user16/Documents/mpags-cpp/mpags-cipher.git/MPAGSCipher/CMakeFiles/feature_tests.cxx
Linking CXX executable cmTC_a6675
/home/user16/Software/cmake-3.3.2-Linux-x86_64/bin/cmake -E cmake_link_script CMakeFiles/cmTC_a6675.dir/link.txt --verbose=1
/bin/c++        CMakeFiles/cmTC_a6675.dir/feature_tests.cxx.o  -o cmTC_a6675 -rdynamic 
gmake[1]: Leaving directory '/disk/homedisk/home/user16/Documents/mpags-cpp/mpags-cipher.git/MPAGSCipher/CMakeFiles/CMakeTmp'


    Feature record: CXX_FEATURE:0cxx_aggregate_default_initializers
    Feature record: CXX_FEATURE:1cxx_alias_templates
    Feature record: CXX_FEATURE:1cxx_alignas
    Feature record: CXX_FEATURE:1cxx_alignof
    Feature record: CXX_FEATURE:1cxx_attributes
    Feature record: CXX_FEATURE:0cxx_attribute_deprecated
    Feature record: CXX_FEATURE:1cxx_auto_type
    Feature record: CXX_FEATURE:0cxx_binary_literals
    Feature record: CXX_FEATURE:1cxx_constexpr
    Feature record: CXX_FEATURE:0cxx_contextual_conversions
    Feature record: CXX_FEATURE:1cxx_decltype
    Feature record: CXX_FEATURE:0cxx_decltype_auto
    Feature record: CXX_FEATURE:1cxx_decltype_incomplete_return_types
    Feature record: CXX_FEATURE:1cxx_default_function_template_args
    Feature record: CXX_FEATURE:1cxx_defaulted_functions
    Feature record: CXX_FEATURE:1cxx_defaulted_move_initializers
    Feature record: CXX_FEATURE:1cxx_delegating_constructors
    Feature record: CXX_FEATURE:1cxx_deleted_functions
    Feature record: CXX_FEATURE:0cxx_digit_separators
    Feature record: CXX_FEATURE:1cxx_enum_forward_declarations
    Feature record: CXX_FEATURE:1cxx_explicit_conversions
    Feature record: CXX_FEATURE:1cxx_extended_friend_declarations
    Feature record: CXX_FEATURE:1cxx_extern_templates
    Feature record: CXX_FEATURE:1cxx_final
    Feature record: CXX_FEATURE:1cxx_func_identifier
    Feature record: CXX_FEATURE:1cxx_generalized_initializers
    Feature record: CXX_FEATURE:0cxx_generic_lambdas
    Feature record: CXX_FEATURE:1cxx_inheriting_constructors
    Feature record: CXX_FEATURE:1cxx_inline_namespaces
    Feature record: CXX_FEATURE:1cxx_lambdas
    Feature record: CXX_FEATURE:0cxx_lambda_init_captures
    Feature record: CXX_FEATURE:1cxx_local_type_template_args
    Feature record: CXX_FEATURE:1cxx_long_long_type
    Feature record: CXX_FEATURE:1cxx_noexcept
    Feature record: CXX_FEATURE:1cxx_nonstatic_member_init
    Feature record: CXX_FEATURE:1cxx_nullptr
    Feature record: CXX_FEATURE:1cxx_override
    Feature record: CXX_FEATURE:1cxx_range_for
    Feature record: CXX_FEATURE:1cxx_raw_string_literals
    Feature record: CXX_FEATURE:1cxx_reference_qualified_functions
    Feature record: CXX_FEATURE:0cxx_relaxed_constexpr
    Feature record: CXX_FEATURE:0cxx_return_type_deduction
    Feature record: CXX_FEATURE:1cxx_right_angle_brackets
    Feature record: CXX_FEATURE:1cxx_rvalue_references
    Feature record: CXX_FEATURE:1cxx_sizeof_member
    Feature record: CXX_FEATURE:1cxx_static_assert
    Feature record: CXX_FEATURE:1cxx_strong_enums
    Feature record: CXX_FEATURE:1cxx_template_template_parameters
    Feature record: CXX_FEATURE:1cxx_thread_local
    Feature record: CXX_FEATURE:1cxx_trailing_return_types
    Feature record: CXX_FEATURE:1cxx_unicode_literals
    Feature record: CXX_FEATURE:1cxx_uniform_initialization
    Feature record: CXX_FEATURE:1cxx_unrestricted_unions
    Feature record: CXX_FEATURE:1cxx_user_literals
    Feature record: CXX_FEATURE:0cxx_variable_templates
    Feature record: CXX_FEATURE:1cxx_variadic_macros
    Feature record: CXX_FEATURE:1cxx_variadic_templates


Detecting CXX [-std=c++98] compiler features compiled with the following output:
Change Dir: /home/user16/Documents/mpags-cpp/mpags-cipher.git/MPAGSCipher/CMakeFiles/CMakeTmp

Run Build Command:"/bin/gmake" "cmTC_ddd4f/fast"
/bin/gmake -f CMakeFiles/cmTC_ddd4f.dir/build.make CMakeFiles/cmTC_ddd4f.dir/build
gmake[1]: Entering directory '/disk/homedisk/home/user16/Documents/mpags-cpp/mpags-cipher.git/MPAGSCipher/CMakeFiles/CMakeTmp'
Building CXX object CMakeFiles/cmTC_ddd4f.dir/feature_tests.cxx.o
/bin/c++    -std=c++98 -o CMakeFiles/cmTC_ddd4f.dir/feature_tests.cxx.o -c /home/user16/Documents/mpags-cpp/mpags-cipher.git/MPAGSCipher/CMakeFiles/feature_tests.cxx
Linking CXX executable cmTC_ddd4f
/home/user16/Software/cmake-3.3.2-Linux-x86_64/bin/cmake -E cmake_link_script CMakeFiles/cmTC_ddd4f.dir/link.txt --verbose=1
/bin/c++        CMakeFiles/cmTC_ddd4f.dir/feature_tests.cxx.o  -o cmTC_ddd4f -rdynamic 
gmake[1]: Leaving directory '/disk/homedisk/home/user16/Documents/mpags-cpp/mpags-cipher.git/MPAGSCipher/CMakeFiles/CMakeTmp'


    Feature record: CXX_FEATURE:0cxx_aggregate_default_initializers
    Feature record: CXX_FEATURE:0cxx_alias_templates
    Feature record: CXX_FEATURE:0cxx_alignas
    Feature record: CXX_FEATURE:0cxx_alignof
    Feature record: CXX_FEATURE:0cxx_attributes
    Feature record: CXX_FEATURE:0cxx_attribute_deprecated
    Feature record: CXX_FEATURE:0cxx_auto_type
    Feature record: CXX_FEATURE:0cxx_binary_literals
    Feature record: CXX_FEATURE:0cxx_constexpr
    Feature record: CXX_FEATURE:0cxx_contextual_conversions
    Feature record: CXX_FEATURE:0cxx_decltype
    Feature record: CXX_FEATURE:0cxx_decltype_auto
    Feature record: CXX_FEATURE:0cxx_decltype_incomplete_return_types
    Feature record: CXX_FEATURE:0cxx_default_function_template_args
    Feature record: CXX_FEATURE:0cxx_defaulted_functions
    Feature record: CXX_FEATURE:0cxx_defaulted_move_initializers
    Feature record: CXX_FEATURE:0cxx_delegating_constructors
    Feature record: CXX_FEATURE:0cxx_deleted_functions
    Feature record: CXX_FEATURE:0cxx_digit_separators
    Feature record: CXX_FEATURE:0cxx_enum_forward_declarations
    Feature record: CXX_FEATURE:0cxx_explicit_conversions
    Feature record: CXX_FEATURE:0cxx_extended_friend_declarations
    Feature record: CXX_FEATURE:0cxx_extern_templates
    Feature record: CXX_FEATURE:0cxx_final
    Feature record: CXX_FEATURE:0cxx_func_identifier
    Feature record: CXX_FEATURE:0cxx_generalized_initializers
    Feature record: CXX_FEATURE:0cxx_generic_lambdas
    Feature record: CXX_FEATURE:0cxx_inheriting_constructors
    Feature record: CXX_FEATURE:0cxx_inline_namespaces
    Feature record: CXX_FEATURE:0cxx_lambdas
    Feature record: CXX_FEATURE:0cxx_lambda_init_captures
    Feature record: CXX_FEATURE:0cxx_local_type_template_args
    Feature record: CXX_FEATURE:0cxx_long_long_type
    Feature record: CXX_FEATURE:0cxx_noexcept
    Feature record: CXX_FEATURE:0cxx_nonstatic_member_init
    Feature record: CXX_FEATURE:0cxx_nullptr
    Feature record: CXX_FEATURE:0cxx_override
    Feature record: CXX_FEATURE:0cxx_range_for
    Feature record: CXX_FEATURE:0cxx_raw_string_literals
    Feature record: CXX_FEATURE:0cxx_reference_qualified_functions
    Feature record: CXX_FEATURE:0cxx_relaxed_constexpr
    Feature record: CXX_FEATURE:0cxx_return_type_deduction
    Feature record: CXX_FEATURE:0cxx_right_angle_brackets
    Feature record: CXX_FEATURE:0cxx_rvalue_references
    Feature record: CXX_FEATURE:0cxx_sizeof_member
    Feature record: CXX_FEATURE:0cxx_static_assert
    Feature record: CXX_FEATURE:0cxx_strong_enums
    Feature record: CXX_FEATURE:1cxx_template_template_parameters
    Feature record: CXX_FEATURE:0cxx_thread_local
    Feature record: CXX_FEATURE:0cxx_trailing_return_types
    Feature record: CXX_FEATURE:0cxx_unicode_literals
    Feature record: CXX_FEATURE:0cxx_uniform_initialization
    Feature record: CXX_FEATURE:0cxx_unrestricted_unions
    Feature record: CXX_FEATURE:0cxx_user_literals
    Feature record: CXX_FEATURE:0cxx_variable_templates
    Feature record: CXX_FEATURE:0cxx_variadic_macros
    Feature record: CXX_FEATURE:0cxx_variadic_templates
